[00:00:08] [Server thread/WARN]: zadle moved too quickly! -3.109281174649709,0.15233518685055003,9.899487686757311
[00:00:08] [Server thread/WARN]: Can't keep up! Is the server overloaded? Running 2768ms or 55 ticks behind
[00:00:25] [Server thread/WARN]: Can't keep up! Is the server overloaded? Running 2644ms or 52 ticks behind
[00:00:43] [Server thread/WARN]: Can't keep up! Is the server overloaded? Running 2135ms or 42 ticks behind
[00:02:19] [Server thread/WARN]: Can't keep up! Is the server overloaded? Running 3344ms or 66 ticks behind
[00:02:40] [Server thread/WARN]: Can't keep up! Is the server overloaded? Running 6327ms or 126 ticks behind
[00:02:57] [Server thread/WARN]: Can't keep up! Is the server overloaded? Running 2066ms or 41 ticks behind
[00:08:45] [Server thread/WARN]: Can't keep up! Is the server overloaded? Running 2013ms or 40 ticks behind
[00:09:02] [Server thread/WARN]: Can't keep up! Is the server overloaded? Running 2423ms or 48 ticks behind
[00:16:28] [Server thread/INFO]: BadenPowell[/172.27.102.108:50300] logged in with entity id 225309 at (211.32288443971868, 66.0, 284.30000001192093)
[00:16:28] [Server thread/INFO]: BadenPowell joined the game
[00:22:13] [Server thread/INFO]: Set Luo's game mode to Survival Mode
[00:34:27] [Server thread/INFO]: zallism lost connection: Disconnected
[00:34:27] [Server thread/INFO]: zallism left the game
[00:34:43] [Server thread/INFO]: Unknown item 'minecraft:melon_block'
[00:34:43] [Server thread/INFO]: give Luo melon_block 8<--[HERE]
[00:34:46] [Server thread/INFO]: Unknown item 'minecraft:melon_blocks'
[00:34:46] [Server thread/INFO]: give Luo melon_blocks 8<--[HERE]
[00:34:51] [Server thread/INFO]: Gave 8 [Melon] to Luo
[00:35:19] [Server thread/INFO]: Gave 12 [Melon] to Luo
[00:36:12] [Server thread/INFO]: Gave 32 [Melon] to Luo
[00:36:36] [Server thread/INFO]: Gave 32 [Melon] to Luo
[00:37:25] [Server thread/INFO]: Gave 32 [Melon] to Luo
[00:38:32] [Server thread/INFO]: zadle was shot by Skeleton
[00:38:33] [Server thread/WARN]: zadle moved too quickly! -901.1999999880791,41.0,-3222.834857851062
[00:52:40] [Server thread/INFO]: No entity was found
[00:52:45] [Server thread/INFO]: Teleported Luo to Pikkk
[00:52:45] [Server thread/WARN]: Luo moved too quickly! 2.8595979019847704,-128.0,-36.1237999291797
[00:52:45] [Server thread/WARN]: Luo moved too quickly! 2.8595979019847704,-128.0,-36.1237999291797
[00:52:45] [Server thread/WARN]: Luo moved too quickly! 2.8595979019847704,-128.0,-36.1237999291797
[00:53:53] [Server thread/INFO]: Gave 1 [Command Block] to Luo
[00:54:08] [Server thread/INFO]: BadenPowell has made the advancement [A Seedy Place]
[00:55:32] [Server thread/INFO]: Expected a block position
[00:55:32] [Server thread/INFO]: ...tblock 78 <--[HERE]
[00:56:30] [Server thread/INFO]: Unknown or incomplete command, see below for error
[00:56:30] [Server thread/INFO]:  -48 53 spawner{SpawnCount:12,MaxNearbyEntities:32,Delay:50,MinSpawnDelay:50,MaxSpawnDelay:50,RequiredPlayerRange:64,SpawnData:{entity:{id:skeleton}}} replace<--[HERE]
[00:56:35] [Server thread/INFO]: Could not set the block
[00:56:52] [Server thread/INFO]: Changed the block at 78, -48, 52
[00:57:14] [Server thread/INFO]: Changed the block at 78, -48, 56
[00:59:42] [Server thread/INFO]: BadenPowell has made the advancement [The Parrots and the Bats]
[01:01:37] [Server thread/WARN]: Can't keep up! Is the server overloaded? Running 2064ms or 41 ticks behind
[01:02:44] [Server thread/INFO]: Gave 2 [Hopper] to Luo
[01:07:01] [Server thread/INFO]: Changed the block at 78, -48, 52
[01:11:43] [Server thread/WARN]: Can't keep up! Is the server overloaded? Running 2059ms or 41 ticks behind
[01:13:31] [Server thread/INFO]: [Not Secure] <zadle> lagi ngaji
[01:13:43] [Server thread/INFO]: [Not Secure] <Luo> lagi buangin semangka kali ah
[01:15:41] [Server thread/INFO]: Luo was shot by Skeleton
[01:15:43] [Server thread/WARN]: Luo moved too quickly! 29.03383408185617,132.0,60.91349809295665
[01:15:43] [Server thread/WARN]: Luo moved too quickly! 29.03383408185617,132.0,60.91349809295665
[01:15:58] [Server thread/WARN]: Can't keep up! Is the server overloaded? Running 2012ms or 40 ticks behind
[01:16:47] [Server thread/INFO]: Unknown game mode: crative
[01:16:47] [Server thread/INFO]: ...de crative Luo<--[HERE]
[01:16:53] [Server thread/INFO]: Set Luo's game mode to Creative Mode
[01:18:49] [Server thread/INFO]: Changed the block at 78, -48, 52
[01:19:35] [Server thread/INFO]: Set Luo's game mode to Survival Mode
[01:25:27] [Server thread/WARN]: Can't keep up! Is the server overloaded? Running 2079ms or 41 ticks behind
[01:28:04] [Server thread/INFO]: Gave 30 experience levels to Luo
[01:28:07] [Server thread/INFO]: [Not Secure] <zadle> pake semangka
[01:28:56] [Server thread/INFO]: [Not Secure] <zadle> stick sama slab
[01:29:17] [Server thread/WARN]: Can't keep up! Is the server overloaded? Running 2109ms or 42 ticks behind
[01:30:24] [Server thread/INFO]: Gave 30 experience levels to Luo
[01:30:38] [Server thread/INFO]: [Not Secure] <zadle> slab batu
[01:31:57] [Server thread/INFO]: [Not Secure] <zadle> pake bedrock
[01:33:08] [Server thread/INFO]: [Not Secure] <zadle> bisa ga pik
[01:33:32] [Server thread/INFO]: [Not Secure] <Pikkk> bedrock nyari dimana
[01:33:37] [Server thread/INFO]: Gave 50 experience levels to Luo
[01:33:59] [Server thread/INFO]: [Not Secure] <zadle> rapi jangan boong
[01:34:08] [Server thread/INFO]: [Not Secure] <BadenPowell> KACAU WKWK
[01:34:51] [Server thread/WARN]: Can't keep up! Is the server overloaded? Running 2033ms or 40 ticks behind
[01:34:54] [Server thread/INFO]: [Not Secure] <zadle> gw lupa nama nya
[01:37:12] [Server thread/INFO]: [Not Secure] <zadle> stick+smooth stone slab
[01:37:34] [Server thread/INFO]: [Not Secure] <zadle> cobblestone dibakar dlu
[01:40:48] [Server thread/INFO]: Gave 1 [Enchanted Book] to Luo
[01:42:08] [Server thread/INFO]: Gave 1 [Enchanted Book] to Luo
[01:43:28] [Server thread/INFO]: BadenPowell lost connection: Disconnected
[01:43:28] [Server thread/INFO]: BadenPowell left the game
[01:43:31] [Server thread/INFO]: Luo lost connection: Disconnected
[01:43:31] [Server thread/INFO]: Luo left the game
[01:43:43] [Server thread/INFO]: [Not Secure] <zadle> udah
[01:43:51] [Server thread/INFO]: BadenPowell[/172.27.102.108:54767] logged in with entity id 269075 at (186.52453389646652, 68.0, 44.67307883902529)
[01:43:51] [Server thread/INFO]: BadenPowell joined the game
[01:44:01] [Server thread/WARN]: Can't keep up! Is the server overloaded? Running 2029ms or 40 ticks behind
[01:44:02] [Server thread/INFO]: Luo[/172.27.59.238:57426] logged in with entity id 269184 at (147.46735336001603, 59.0, 83.51249998807907)
[01:44:02] [Server thread/INFO]: Luo joined the game
[01:44:41] [Server thread/INFO]: [Not Secure] <zadle> pake kompor
[01:46:17] [Server thread/INFO]: [Not Secure] <zadle> cek inven lu
[01:46:30] [Server thread/INFO]: [Not Secure] <zadle> pake itu
[01:46:38] [Server thread/INFO]: [Not Secure] <zadle> itu dikantong lu
[01:46:47] [Server thread/INFO]: [Not Secure] <zadle> pake slab itu
[01:46:52] [Server thread/INFO]: [Not Secure] <zadle> iya
[01:46:56] [Server thread/WARN]: Can't keep up! Is the server overloaded? Running 2001ms or 40 ticks behind
[01:48:44] [Server thread/INFO]: [Not Secure] <zadle> dahan, besok kuliah
[01:49:15] [Server thread/INFO]: [Not Secure] <zadle> atmint, farm semangka lu gw bakar nanti
[01:49:20] [Server thread/INFO]: [Not Secure] <Luo> waduh
[01:49:34] [Server thread/INFO]: [Not Secure] <Pikkk> ngambeg
[01:50:06] [Server thread/INFO]: zadle lost connection: Disconnected
[01:50:06] [Server thread/INFO]: zadle left the game
[01:54:52] [Server thread/INFO]: Set the time to 1000
[02:03:55] [Server thread/INFO]: Set the weather to clear
[02:06:23] [Server thread/INFO]: Set the time to 1000
[02:13:19] [Server thread/WARN]: Can't keep up! Is the server overloaded? Running 2053ms or 41 ticks behind
[02:21:47] [Server thread/INFO]: Set the weather to clear
[02:32:08] [Server thread/INFO]: William lost connection: Disconnected
[02:32:08] [Server thread/INFO]: William left the game
[02:33:06] [Server thread/INFO]: Incorrect argument for command
[02:33:06] [Server thread/INFO]: ...eleton}}} replace/setblock 78 -48 52 spawner{SpawnCount:12,MaxNearbyEntities:32,Delay:150,MinSpawnDelay:100,MaxSpawnDelay:350,RequiredPlayerRange:64,SpawnData:{entity:{id:skeleton}}} replace<--[HERE]
[02:33:13] [Server thread/INFO]: Changed the block at 78, -48, 52
[02:36:34] [Server thread/INFO]: BadenPowell lost connection: Disconnected
[02:36:34] [Server thread/INFO]: BadenPowell left the game
[02:36:43] [Server thread/INFO]: Luo lost connection: Disconnected
[02:36:43] [Server thread/INFO]: Luo left the game
[02:36:52] [Server thread/INFO]: BadenPowell[/172.27.102.108:57458] logged in with entity id 287689 at (151.38299141966164, 63.0, 91.8767292077138)
[02:36:52] [Server thread/INFO]: BadenPowell joined the game
[02:37:01] [Server thread/INFO]: Luo[/172.27.59.238:61581] logged in with entity id 287735 at (134.5, 43.173544821411944, 97.47645517858805)
[02:37:01] [Server thread/INFO]: Luo joined the game
[02:37:02] [Server thread/WARN]: Can't keep up! Is the server overloaded? Running 2248ms or 44 ticks behind
[02:44:23] [Server thread/WARN]: Can't keep up! Is the server overloaded? Running 2021ms or 40 ticks behind
[02:48:45] [Server thread/INFO]: Luo lost connection: Disconnected
[02:48:45] [Server thread/INFO]: Luo left the game
[02:48:53] [Server thread/INFO]: BadenPowell lost connection: Disconnected
[02:48:53] [Server thread/INFO]: BadenPowell left the game
[02:48:55] [Server thread/INFO]: Pikkk lost connection: Disconnected
[02:48:55] [Server thread/INFO]: Pikkk left the game
